c:\users\jordan\documents\uni\year 4\semester 2\advanced rendering techniques\acw\ql\advanced_rendering_2021\jg_advrend_acw_2\jg_advrend_acw_2\release\pch.pch
c:\users\jordan\documents\uni\year 4\semester 2\advanced rendering techniques\acw\ql\advanced_rendering_2021\jg_advrend_acw_2\jg_advrend_acw_2\release\vc142.pdb
c:\users\jordan\documents\uni\year 4\semester 2\advanced rendering techniques\acw\ql\advanced_rendering_2021\jg_advrend_acw_2\jg_advrend_acw_2\release\pch.obj
c:\users\jordan\documents\uni\year 4\semester 2\advanced rendering techniques\acw\ql\advanced_rendering_2021\jg_advrend_acw_2\jg_advrend_acw_2\release\app.obj
c:\users\jordan\documents\uni\year 4\semester 2\advanced rendering techniques\acw\ql\advanced_rendering_2021\jg_advrend_acw_2\jg_advrend_acw_2\release\rocks.obj
c:\users\jordan\documents\uni\year 4\semester 2\advanced rendering techniques\acw\ql\advanced_rendering_2021\jg_advrend_acw_2\jg_advrend_acw_2\release\jg_advrend_acw_2main.obj
c:\users\jordan\documents\uni\year 4\semester 2\advanced rendering techniques\acw\ql\advanced_rendering_2021\jg_advrend_acw_2\jg_advrend_acw_2\release\raymarchobjects.obj
c:\users\jordan\documents\uni\year 4\semester 2\advanced rendering techniques\acw\ql\advanced_rendering_2021\jg_advrend_acw_2\jg_advrend_acw_2\release\sample3dscenerenderer.obj
c:\users\jordan\documents\uni\year 4\semester 2\advanced rendering techniques\acw\ql\advanced_rendering_2021\jg_advrend_acw_2\jg_advrend_acw_2\release\raytracedspherecube.obj
c:\users\jordan\documents\uni\year 4\semester 2\advanced rendering techniques\acw\ql\advanced_rendering_2021\jg_advrend_acw_2\jg_advrend_acw_2\release\bumpmapviewdependenttessallatedsphere.obj
c:\users\jordan\documents\uni\year 4\semester 2\advanced rendering techniques\acw\ql\advanced_rendering_2021\jg_advrend_acw_2\jg_advrend_acw_2\release\starysky.obj
c:\users\jordan\documents\uni\year 4\semester 2\advanced rendering techniques\acw\ql\advanced_rendering_2021\jg_advrend_acw_2\jg_advrend_acw_2\release\samplefpstextrenderer.obj
c:\users\jordan\documents\uni\year 4\semester 2\advanced rendering techniques\acw\ql\advanced_rendering_2021\jg_advrend_acw_2\jg_advrend_acw_2\release\viewdependenttessellatedsphere.obj
c:\users\jordan\documents\uni\year 4\semester 2\advanced rendering techniques\acw\ql\advanced_rendering_2021\jg_advrend_acw_2\jg_advrend_acw_2\release\camera.obj
c:\users\jordan\documents\uni\year 4\semester 2\advanced rendering techniques\acw\ql\advanced_rendering_2021\jg_advrend_acw_2\jg_advrend_acw_2\release\meteors.obj
c:\users\jordan\documents\uni\year 4\semester 2\advanced rendering techniques\acw\ql\advanced_rendering_2021\jg_advrend_acw_2\jg_advrend_acw_2\release\terrain.obj
c:\users\jordan\documents\uni\year 4\semester 2\advanced rendering techniques\acw\ql\advanced_rendering_2021\jg_advrend_acw_2\jg_advrend_acw_2\release\aliens.obj
c:\users\jordan\documents\uni\year 4\semester 2\advanced rendering techniques\acw\ql\advanced_rendering_2021\jg_advrend_acw_2\jg_advrend_acw_2\release\resourcemanager.obj
c:\users\jordan\documents\uni\year 4\semester 2\advanced rendering techniques\acw\ql\advanced_rendering_2021\jg_advrend_acw_2\jg_advrend_acw_2\release\deviceresources.obj
c:\users\jordan\documents\uni\year 4\semester 2\advanced rendering techniques\acw\ql\advanced_rendering_2021\jg_advrend_acw_2\jg_advrend_acw_2\release\pottery.obj
c:\users\jordan\documents\uni\year 4\semester 2\advanced rendering techniques\acw\ql\advanced_rendering_2021\jg_advrend_acw_2\jg_advrend_acw_2\release\wireframetessellatedsphere.obj
c:\users\jordan\documents\uni\year 4\semester 2\advanced rendering techniques\acw\ql\advanced_rendering_2021\jg_advrend_acw_2\release\jg_advrend_acw_2\plane.obj
c:\users\jordan\documents\uni\year 4\semester 2\advanced rendering techniques\acw\ql\advanced_rendering_2021\jg_advrend_acw_2\release\jg_advrend_acw_2\sphere.obj
c:\users\jordan\documents\uni\year 4\semester 2\advanced rendering techniques\acw\ql\advanced_rendering_2021\jg_advrend_acw_2\release\jg_advrend_acw_2\ds_aliens.cso
c:\users\jordan\documents\uni\year 4\semester 2\advanced rendering techniques\acw\ql\advanced_rendering_2021\jg_advrend_acw_2\release\jg_advrend_acw_2\ds_bumpmapviewdependenttessellatedsphere.cso
c:\users\jordan\documents\uni\year 4\semester 2\advanced rendering techniques\acw\ql\advanced_rendering_2021\jg_advrend_acw_2\release\jg_advrend_acw_2\ds_meteors.cso
c:\users\jordan\documents\uni\year 4\semester 2\advanced rendering techniques\acw\ql\advanced_rendering_2021\jg_advrend_acw_2\release\jg_advrend_acw_2\ds_pottery.cso
c:\users\jordan\documents\uni\year 4\semester 2\advanced rendering techniques\acw\ql\advanced_rendering_2021\jg_advrend_acw_2\release\jg_advrend_acw_2\ds_terrain.cso
c:\users\jordan\documents\uni\year 4\semester 2\advanced rendering techniques\acw\ql\advanced_rendering_2021\jg_advrend_acw_2\release\jg_advrend_acw_2\ds_viewdependenttessellatedsphere.cso
c:\users\jordan\documents\uni\year 4\semester 2\advanced rendering techniques\acw\ql\advanced_rendering_2021\jg_advrend_acw_2\release\jg_advrend_acw_2\ds_wireframetessellatedsphere.cso
c:\users\jordan\documents\uni\year 4\semester 2\advanced rendering techniques\acw\ql\advanced_rendering_2021\jg_advrend_acw_2\release\jg_advrend_acw_2\gs_bumpmapviewdependenttessellatedsphere.cso
c:\users\jordan\documents\uni\year 4\semester 2\advanced rendering techniques\acw\ql\advanced_rendering_2021\jg_advrend_acw_2\release\jg_advrend_acw_2\gs_meteors.cso
c:\users\jordan\documents\uni\year 4\semester 2\advanced rendering techniques\acw\ql\advanced_rendering_2021\jg_advrend_acw_2\release\jg_advrend_acw_2\gs_pottery.cso
c:\users\jordan\documents\uni\year 4\semester 2\advanced rendering techniques\acw\ql\advanced_rendering_2021\jg_advrend_acw_2\release\jg_advrend_acw_2\gs_rocks.cso
c:\users\jordan\documents\uni\year 4\semester 2\advanced rendering techniques\acw\ql\advanced_rendering_2021\jg_advrend_acw_2\release\jg_advrend_acw_2\gs_starysky.cso
c:\users\jordan\documents\uni\year 4\semester 2\advanced rendering techniques\acw\ql\advanced_rendering_2021\jg_advrend_acw_2\release\jg_advrend_acw_2\hs_aliens.cso
c:\users\jordan\documents\uni\year 4\semester 2\advanced rendering techniques\acw\ql\advanced_rendering_2021\jg_advrend_acw_2\release\jg_advrend_acw_2\hs_bumpmapviewdependenttessellatedsphere.cso
c:\users\jordan\documents\uni\year 4\semester 2\advanced rendering techniques\acw\ql\advanced_rendering_2021\jg_advrend_acw_2\release\jg_advrend_acw_2\hs_meteors.cso
c:\users\jordan\documents\uni\year 4\semester 2\advanced rendering techniques\acw\ql\advanced_rendering_2021\jg_advrend_acw_2\release\jg_advrend_acw_2\hs_pottery.cso
c:\users\jordan\documents\uni\year 4\semester 2\advanced rendering techniques\acw\ql\advanced_rendering_2021\jg_advrend_acw_2\release\jg_advrend_acw_2\hs_terrain.cso
c:\users\jordan\documents\uni\year 4\semester 2\advanced rendering techniques\acw\ql\advanced_rendering_2021\jg_advrend_acw_2\release\jg_advrend_acw_2\hs_viewdependenttessellatedsphere.cso
c:\users\jordan\documents\uni\year 4\semester 2\advanced rendering techniques\acw\ql\advanced_rendering_2021\jg_advrend_acw_2\release\jg_advrend_acw_2\hs_wireframetessellatedsphere.cso
c:\users\jordan\documents\uni\year 4\semester 2\advanced rendering techniques\acw\ql\advanced_rendering_2021\jg_advrend_acw_2\release\jg_advrend_acw_2\ps_aliens.cso
c:\users\jordan\documents\uni\year 4\semester 2\advanced rendering techniques\acw\ql\advanced_rendering_2021\jg_advrend_acw_2\release\jg_advrend_acw_2\ps_bumpmapviewdependenttessellatedsphere.cso
c:\users\jordan\documents\uni\year 4\semester 2\advanced rendering techniques\acw\ql\advanced_rendering_2021\jg_advrend_acw_2\release\jg_advrend_acw_2\ps_meteors.cso
c:\users\jordan\documents\uni\year 4\semester 2\advanced rendering techniques\acw\ql\advanced_rendering_2021\jg_advrend_acw_2\release\jg_advrend_acw_2\ps_pottery.cso
c:\users\jordan\documents\uni\year 4\semester 2\advanced rendering techniques\acw\ql\advanced_rendering_2021\jg_advrend_acw_2\release\jg_advrend_acw_2\ps_raymarchobjects.cso
c:\users\jordan\documents\uni\year 4\semester 2\advanced rendering techniques\acw\ql\advanced_rendering_2021\jg_advrend_acw_2\release\jg_advrend_acw_2\ps_raytracedspherecube.cso
c:\users\jordan\documents\uni\year 4\semester 2\advanced rendering techniques\acw\ql\advanced_rendering_2021\jg_advrend_acw_2\release\jg_advrend_acw_2\ps_rocks.cso
c:\users\jordan\documents\uni\year 4\semester 2\advanced rendering techniques\acw\ql\advanced_rendering_2021\jg_advrend_acw_2\release\jg_advrend_acw_2\ps_starysky.cso
c:\users\jordan\documents\uni\year 4\semester 2\advanced rendering techniques\acw\ql\advanced_rendering_2021\jg_advrend_acw_2\release\jg_advrend_acw_2\ps_terrain.cso
c:\users\jordan\documents\uni\year 4\semester 2\advanced rendering techniques\acw\ql\advanced_rendering_2021\jg_advrend_acw_2\release\jg_advrend_acw_2\ps_viewdependenttessellatedsphere.cso
c:\users\jordan\documents\uni\year 4\semester 2\advanced rendering techniques\acw\ql\advanced_rendering_2021\jg_advrend_acw_2\release\jg_advrend_acw_2\ps_wireframetessellatedsphere.cso
c:\users\jordan\documents\uni\year 4\semester 2\advanced rendering techniques\acw\ql\advanced_rendering_2021\jg_advrend_acw_2\release\jg_advrend_acw_2\vs_aliens.cso
c:\users\jordan\documents\uni\year 4\semester 2\advanced rendering techniques\acw\ql\advanced_rendering_2021\jg_advrend_acw_2\release\jg_advrend_acw_2\vs_bumpmapviewdependenttessallatedsphere.cso
c:\users\jordan\documents\uni\year 4\semester 2\advanced rendering techniques\acw\ql\advanced_rendering_2021\jg_advrend_acw_2\release\jg_advrend_acw_2\vs_meteors.cso
c:\users\jordan\documents\uni\year 4\semester 2\advanced rendering techniques\acw\ql\advanced_rendering_2021\jg_advrend_acw_2\release\jg_advrend_acw_2\vs_pottery.cso
c:\users\jordan\documents\uni\year 4\semester 2\advanced rendering techniques\acw\ql\advanced_rendering_2021\jg_advrend_acw_2\release\jg_advrend_acw_2\vs_raymarchobjects.cso
c:\users\jordan\documents\uni\year 4\semester 2\advanced rendering techniques\acw\ql\advanced_rendering_2021\jg_advrend_acw_2\release\jg_advrend_acw_2\vs_raytracedspherecube.cso
c:\users\jordan\documents\uni\year 4\semester 2\advanced rendering techniques\acw\ql\advanced_rendering_2021\jg_advrend_acw_2\release\jg_advrend_acw_2\vs_rocks.cso
c:\users\jordan\documents\uni\year 4\semester 2\advanced rendering techniques\acw\ql\advanced_rendering_2021\jg_advrend_acw_2\release\jg_advrend_acw_2\vs_starysky.cso
c:\users\jordan\documents\uni\year 4\semester 2\advanced rendering techniques\acw\ql\advanced_rendering_2021\jg_advrend_acw_2\release\jg_advrend_acw_2\vs_terrain.cso
c:\users\jordan\documents\uni\year 4\semester 2\advanced rendering techniques\acw\ql\advanced_rendering_2021\jg_advrend_acw_2\release\jg_advrend_acw_2\vs_viewdependenttessellatedsphere.cso
c:\users\jordan\documents\uni\year 4\semester 2\advanced rendering techniques\acw\ql\advanced_rendering_2021\jg_advrend_acw_2\release\jg_advrend_acw_2\vs_wireframetessellatedsphere.cso
c:\users\jordan\documents\uni\year 4\semester 2\advanced rendering techniques\acw\ql\advanced_rendering_2021\jg_advrend_acw_2\release\jg_advrend_acw_2\jg_advrend_acw_2.winmd
c:\users\jordan\documents\uni\year 4\semester 2\advanced rendering techniques\acw\ql\advanced_rendering_2021\jg_advrend_acw_2\release\jg_advrend_acw_2\jg_advrend_acw_2.ipdb
c:\users\jordan\documents\uni\year 4\semester 2\advanced rendering techniques\acw\ql\advanced_rendering_2021\jg_advrend_acw_2\release\jg_advrend_acw_2\jg_advrend_acw_2.iobj
c:\users\jordan\documents\uni\year 4\semester 2\advanced rendering techniques\acw\ql\advanced_rendering_2021\jg_advrend_acw_2\jg_advrend_acw_2\release\jg_advrend_acw_2.vcxprojassemblyreference.cache
c:\users\jordan\documents\uni\year 4\semester 2\advanced rendering techniques\acw\ql\advanced_rendering_2021\jg_advrend_acw_2\release\jg_advrend_acw_2\assets\lockscreenlogo.scale-200.png
c:\users\jordan\documents\uni\year 4\semester 2\advanced rendering techniques\acw\ql\advanced_rendering_2021\jg_advrend_acw_2\release\jg_advrend_acw_2\assets\splashscreen.scale-200.png
c:\users\jordan\documents\uni\year 4\semester 2\advanced rendering techniques\acw\ql\advanced_rendering_2021\jg_advrend_acw_2\release\jg_advrend_acw_2\assets\square150x150logo.scale-200.png
c:\users\jordan\documents\uni\year 4\semester 2\advanced rendering techniques\acw\ql\advanced_rendering_2021\jg_advrend_acw_2\release\jg_advrend_acw_2\assets\square44x44logo.scale-200.png
c:\users\jordan\documents\uni\year 4\semester 2\advanced rendering techniques\acw\ql\advanced_rendering_2021\jg_advrend_acw_2\release\jg_advrend_acw_2\assets\square44x44logo.targetsize-24_altform-unplated.png
c:\users\jordan\documents\uni\year 4\semester 2\advanced rendering techniques\acw\ql\advanced_rendering_2021\jg_advrend_acw_2\release\jg_advrend_acw_2\assets\storelogo.png
c:\users\jordan\documents\uni\year 4\semester 2\advanced rendering techniques\acw\ql\advanced_rendering_2021\jg_advrend_acw_2\release\jg_advrend_acw_2\assets\wide310x150logo.scale-200.png
c:\users\jordan\documents\uni\year 4\semester 2\advanced rendering techniques\acw\ql\advanced_rendering_2021\jg_advrend_acw_2\release\jg_advrend_acw_2\earth.dds
c:\users\jordan\documents\uni\year 4\semester 2\advanced rendering techniques\acw\ql\advanced_rendering_2021\jg_advrend_acw_2\release\jg_advrend_acw_2\lava_rock.dds
c:\users\jordan\documents\uni\year 4\semester 2\advanced rendering techniques\acw\ql\advanced_rendering_2021\jg_advrend_acw_2\release\jg_advrend_acw_2\pottery_2.dds
c:\users\jordan\documents\uni\year 4\semester 2\advanced rendering techniques\acw\ql\advanced_rendering_2021\jg_advrend_acw_2\jg_advrend_acw_2\release\resourcehandlingtask.state
c:\users\jordan\documents\uni\year 4\semester 2\advanced rendering techniques\acw\ql\advanced_rendering_2021\jg_advrend_acw_2\jg_advrend_acw_2\release\priconfig.xml
c:\users\jordan\documents\uni\year 4\semester 2\advanced rendering techniques\acw\ql\advanced_rendering_2021\jg_advrend_acw_2\jg_advrend_acw_2\release\priconfig.xml.intermediate
c:\users\jordan\documents\uni\year 4\semester 2\advanced rendering techniques\acw\ql\advanced_rendering_2021\jg_advrend_acw_2\jg_advrend_acw_2\release\unfiltered.layout.resfiles
c:\users\jordan\documents\uni\year 4\semester 2\advanced rendering techniques\acw\ql\advanced_rendering_2021\jg_advrend_acw_2\jg_advrend_acw_2\release\unfiltered.layout.resfiles.intermediate
c:\users\jordan\documents\uni\year 4\semester 2\advanced rendering techniques\acw\ql\advanced_rendering_2021\jg_advrend_acw_2\jg_advrend_acw_2\release\filtered.layout.resfiles
c:\users\jordan\documents\uni\year 4\semester 2\advanced rendering techniques\acw\ql\advanced_rendering_2021\jg_advrend_acw_2\jg_advrend_acw_2\release\filtered.layout.resfiles.intermediate
c:\users\jordan\documents\uni\year 4\semester 2\advanced rendering techniques\acw\ql\advanced_rendering_2021\jg_advrend_acw_2\jg_advrend_acw_2\release\excluded.layout.resfiles
c:\users\jordan\documents\uni\year 4\semester 2\advanced rendering techniques\acw\ql\advanced_rendering_2021\jg_advrend_acw_2\jg_advrend_acw_2\release\excluded.layout.resfiles.intermediate
c:\users\jordan\documents\uni\year 4\semester 2\advanced rendering techniques\acw\ql\advanced_rendering_2021\jg_advrend_acw_2\jg_advrend_acw_2\release\resources.resfiles
c:\users\jordan\documents\uni\year 4\semester 2\advanced rendering techniques\acw\ql\advanced_rendering_2021\jg_advrend_acw_2\jg_advrend_acw_2\release\resources.resfiles.intermediate
c:\users\jordan\documents\uni\year 4\semester 2\advanced rendering techniques\acw\ql\advanced_rendering_2021\jg_advrend_acw_2\jg_advrend_acw_2\release\pri.resfiles
c:\users\jordan\documents\uni\year 4\semester 2\advanced rendering techniques\acw\ql\advanced_rendering_2021\jg_advrend_acw_2\jg_advrend_acw_2\release\pri.resfiles.intermediate
c:\users\jordan\documents\uni\year 4\semester 2\advanced rendering techniques\acw\ql\advanced_rendering_2021\jg_advrend_acw_2\release\jg_advrend_acw_2\resources.pri
c:\users\jordan\documents\uni\year 4\semester 2\advanced rendering techniques\acw\ql\advanced_rendering_2021\jg_advrend_acw_2\jg_advrend_acw_2\release\qualifiers.txt
c:\users\jordan\documents\uni\year 4\semester 2\advanced rendering techniques\acw\ql\advanced_rendering_2021\jg_advrend_acw_2\jg_advrend_acw_2\release\qualifiers.txt.intermediate
c:\users\jordan\documents\uni\year 4\semester 2\advanced rendering techniques\acw\ql\advanced_rendering_2021\jg_advrend_acw_2\jg_advrend_acw_2\release\multiplequalifiersperdimensionfound.txt
c:\users\jordan\documents\uni\year 4\semester 2\advanced rendering techniques\acw\ql\advanced_rendering_2021\jg_advrend_acw_2\jg_advrend_acw_2\release\projectarchitectures.txt
c:\users\jordan\documents\uni\year 4\semester 2\advanced rendering techniques\acw\ql\advanced_rendering_2021\jg_advrend_acw_2\release\jg_advrend_acw_2\appxmanifest.xml
c:\users\jordan\documents\uni\year 4\semester 2\advanced rendering techniques\acw\ql\advanced_rendering_2021\jg_advrend_acw_2\jg_advrend_acw_2\release\ilc\in\appxmanifest.xml
c:\users\jordan\documents\uni\year 4\semester 2\advanced rendering techniques\acw\ql\advanced_rendering_2021\jg_advrend_acw_2\jg_advrend_acw_2\release\ilc\in\jg_advrend_acw_2.pdb
c:\users\jordan\documents\uni\year 4\semester 2\advanced rendering techniques\acw\ql\advanced_rendering_2021\jg_advrend_acw_2\jg_advrend_acw_2\release\ilc\in\jg_advrend_acw_2.winmd
c:\users\jordan\documents\uni\year 4\semester 2\advanced rendering techniques\acw\ql\advanced_rendering_2021\jg_advrend_acw_2\jg_advrend_acw_2\release\ilc\in\resources.pri
c:\users\jordan\documents\uni\year 4\semester 2\advanced rendering techniques\acw\ql\advanced_rendering_2021\jg_advrend_acw_2\jg_advrend_acw_2\release\ilc\in\jg_advrend_acw_2.exe
c:\users\jordan\documents\uni\year 4\semester 2\advanced rendering techniques\acw\ql\advanced_rendering_2021\jg_advrend_acw_2\jg_advrend_acw_2\release\ilc\in\ds_aliens.cso
c:\users\jordan\documents\uni\year 4\semester 2\advanced rendering techniques\acw\ql\advanced_rendering_2021\jg_advrend_acw_2\jg_advrend_acw_2\release\ilc\in\ds_bumpmapviewdependenttessellatedsphere.cso
c:\users\jordan\documents\uni\year 4\semester 2\advanced rendering techniques\acw\ql\advanced_rendering_2021\jg_advrend_acw_2\jg_advrend_acw_2\release\ilc\in\ds_meteors.cso
c:\users\jordan\documents\uni\year 4\semester 2\advanced rendering techniques\acw\ql\advanced_rendering_2021\jg_advrend_acw_2\jg_advrend_acw_2\release\ilc\in\ds_pottery.cso
c:\users\jordan\documents\uni\year 4\semester 2\advanced rendering techniques\acw\ql\advanced_rendering_2021\jg_advrend_acw_2\jg_advrend_acw_2\release\ilc\in\ds_terrain.cso
c:\users\jordan\documents\uni\year 4\semester 2\advanced rendering techniques\acw\ql\advanced_rendering_2021\jg_advrend_acw_2\jg_advrend_acw_2\release\ilc\in\ds_viewdependenttessellatedsphere.cso
c:\users\jordan\documents\uni\year 4\semester 2\advanced rendering techniques\acw\ql\advanced_rendering_2021\jg_advrend_acw_2\jg_advrend_acw_2\release\ilc\in\ds_wireframetessellatedsphere.cso
c:\users\jordan\documents\uni\year 4\semester 2\advanced rendering techniques\acw\ql\advanced_rendering_2021\jg_advrend_acw_2\jg_advrend_acw_2\release\ilc\in\gs_bumpmapviewdependenttessellatedsphere.cso
c:\users\jordan\documents\uni\year 4\semester 2\advanced rendering techniques\acw\ql\advanced_rendering_2021\jg_advrend_acw_2\jg_advrend_acw_2\release\ilc\in\gs_meteors.cso
c:\users\jordan\documents\uni\year 4\semester 2\advanced rendering techniques\acw\ql\advanced_rendering_2021\jg_advrend_acw_2\jg_advrend_acw_2\release\ilc\in\gs_pottery.cso
c:\users\jordan\documents\uni\year 4\semester 2\advanced rendering techniques\acw\ql\advanced_rendering_2021\jg_advrend_acw_2\jg_advrend_acw_2\release\ilc\in\gs_rocks.cso
c:\users\jordan\documents\uni\year 4\semester 2\advanced rendering techniques\acw\ql\advanced_rendering_2021\jg_advrend_acw_2\jg_advrend_acw_2\release\ilc\in\gs_starysky.cso
c:\users\jordan\documents\uni\year 4\semester 2\advanced rendering techniques\acw\ql\advanced_rendering_2021\jg_advrend_acw_2\jg_advrend_acw_2\release\ilc\in\hs_aliens.cso
c:\users\jordan\documents\uni\year 4\semester 2\advanced rendering techniques\acw\ql\advanced_rendering_2021\jg_advrend_acw_2\jg_advrend_acw_2\release\ilc\in\hs_bumpmapviewdependenttessellatedsphere.cso
c:\users\jordan\documents\uni\year 4\semester 2\advanced rendering techniques\acw\ql\advanced_rendering_2021\jg_advrend_acw_2\jg_advrend_acw_2\release\ilc\in\hs_meteors.cso
c:\users\jordan\documents\uni\year 4\semester 2\advanced rendering techniques\acw\ql\advanced_rendering_2021\jg_advrend_acw_2\jg_advrend_acw_2\release\ilc\in\hs_pottery.cso
c:\users\jordan\documents\uni\year 4\semester 2\advanced rendering techniques\acw\ql\advanced_rendering_2021\jg_advrend_acw_2\jg_advrend_acw_2\release\ilc\in\hs_terrain.cso
c:\users\jordan\documents\uni\year 4\semester 2\advanced rendering techniques\acw\ql\advanced_rendering_2021\jg_advrend_acw_2\jg_advrend_acw_2\release\ilc\in\hs_viewdependenttessellatedsphere.cso
c:\users\jordan\documents\uni\year 4\semester 2\advanced rendering techniques\acw\ql\advanced_rendering_2021\jg_advrend_acw_2\jg_advrend_acw_2\release\ilc\in\hs_wireframetessellatedsphere.cso
c:\users\jordan\documents\uni\year 4\semester 2\advanced rendering techniques\acw\ql\advanced_rendering_2021\jg_advrend_acw_2\jg_advrend_acw_2\release\ilc\in\ps_aliens.cso
c:\users\jordan\documents\uni\year 4\semester 2\advanced rendering techniques\acw\ql\advanced_rendering_2021\jg_advrend_acw_2\jg_advrend_acw_2\release\ilc\in\ps_bumpmapviewdependenttessellatedsphere.cso
c:\users\jordan\documents\uni\year 4\semester 2\advanced rendering techniques\acw\ql\advanced_rendering_2021\jg_advrend_acw_2\jg_advrend_acw_2\release\ilc\in\ps_meteors.cso
c:\users\jordan\documents\uni\year 4\semester 2\advanced rendering techniques\acw\ql\advanced_rendering_2021\jg_advrend_acw_2\jg_advrend_acw_2\release\ilc\in\ps_pottery.cso
c:\users\jordan\documents\uni\year 4\semester 2\advanced rendering techniques\acw\ql\advanced_rendering_2021\jg_advrend_acw_2\jg_advrend_acw_2\release\ilc\in\ps_raymarchobjects.cso
c:\users\jordan\documents\uni\year 4\semester 2\advanced rendering techniques\acw\ql\advanced_rendering_2021\jg_advrend_acw_2\jg_advrend_acw_2\release\ilc\in\ps_raytracedspherecube.cso
c:\users\jordan\documents\uni\year 4\semester 2\advanced rendering techniques\acw\ql\advanced_rendering_2021\jg_advrend_acw_2\jg_advrend_acw_2\release\ilc\in\ps_rocks.cso
c:\users\jordan\documents\uni\year 4\semester 2\advanced rendering techniques\acw\ql\advanced_rendering_2021\jg_advrend_acw_2\jg_advrend_acw_2\release\ilc\in\ps_starysky.cso
c:\users\jordan\documents\uni\year 4\semester 2\advanced rendering techniques\acw\ql\advanced_rendering_2021\jg_advrend_acw_2\jg_advrend_acw_2\release\ilc\in\ps_terrain.cso
c:\users\jordan\documents\uni\year 4\semester 2\advanced rendering techniques\acw\ql\advanced_rendering_2021\jg_advrend_acw_2\jg_advrend_acw_2\release\ilc\in\ps_viewdependenttessellatedsphere.cso
c:\users\jordan\documents\uni\year 4\semester 2\advanced rendering techniques\acw\ql\advanced_rendering_2021\jg_advrend_acw_2\jg_advrend_acw_2\release\ilc\in\ps_wireframetessellatedsphere.cso
c:\users\jordan\documents\uni\year 4\semester 2\advanced rendering techniques\acw\ql\advanced_rendering_2021\jg_advrend_acw_2\jg_advrend_acw_2\release\ilc\in\vs_aliens.cso
c:\users\jordan\documents\uni\year 4\semester 2\advanced rendering techniques\acw\ql\advanced_rendering_2021\jg_advrend_acw_2\jg_advrend_acw_2\release\ilc\in\vs_bumpmapviewdependenttessallatedsphere.cso
c:\users\jordan\documents\uni\year 4\semester 2\advanced rendering techniques\acw\ql\advanced_rendering_2021\jg_advrend_acw_2\jg_advrend_acw_2\release\ilc\in\vs_meteors.cso
c:\users\jordan\documents\uni\year 4\semester 2\advanced rendering techniques\acw\ql\advanced_rendering_2021\jg_advrend_acw_2\jg_advrend_acw_2\release\ilc\in\vs_pottery.cso
c:\users\jordan\documents\uni\year 4\semester 2\advanced rendering techniques\acw\ql\advanced_rendering_2021\jg_advrend_acw_2\jg_advrend_acw_2\release\ilc\in\vs_raymarchobjects.cso
c:\users\jordan\documents\uni\year 4\semester 2\advanced rendering techniques\acw\ql\advanced_rendering_2021\jg_advrend_acw_2\jg_advrend_acw_2\release\ilc\in\vs_raytracedspherecube.cso
c:\users\jordan\documents\uni\year 4\semester 2\advanced rendering techniques\acw\ql\advanced_rendering_2021\jg_advrend_acw_2\jg_advrend_acw_2\release\ilc\in\vs_rocks.cso
c:\users\jordan\documents\uni\year 4\semester 2\advanced rendering techniques\acw\ql\advanced_rendering_2021\jg_advrend_acw_2\jg_advrend_acw_2\release\ilc\in\vs_starysky.cso
c:\users\jordan\documents\uni\year 4\semester 2\advanced rendering techniques\acw\ql\advanced_rendering_2021\jg_advrend_acw_2\jg_advrend_acw_2\release\ilc\in\vs_terrain.cso
c:\users\jordan\documents\uni\year 4\semester 2\advanced rendering techniques\acw\ql\advanced_rendering_2021\jg_advrend_acw_2\jg_advrend_acw_2\release\ilc\in\vs_viewdependenttessellatedsphere.cso
c:\users\jordan\documents\uni\year 4\semester 2\advanced rendering techniques\acw\ql\advanced_rendering_2021\jg_advrend_acw_2\jg_advrend_acw_2\release\ilc\in\vs_wireframetessellatedsphere.cso
c:\users\jordan\documents\uni\year 4\semester 2\advanced rendering techniques\acw\ql\advanced_rendering_2021\jg_advrend_acw_2\jg_advrend_acw_2\release\ilc\in\assets\lockscreenlogo.scale-200.png
c:\users\jordan\documents\uni\year 4\semester 2\advanced rendering techniques\acw\ql\advanced_rendering_2021\jg_advrend_acw_2\jg_advrend_acw_2\release\ilc\in\assets\splashscreen.scale-200.png
c:\users\jordan\documents\uni\year 4\semester 2\advanced rendering techniques\acw\ql\advanced_rendering_2021\jg_advrend_acw_2\jg_advrend_acw_2\release\ilc\in\assets\square150x150logo.scale-200.png
c:\users\jordan\documents\uni\year 4\semester 2\advanced rendering techniques\acw\ql\advanced_rendering_2021\jg_advrend_acw_2\jg_advrend_acw_2\release\ilc\in\assets\square44x44logo.scale-200.png
c:\users\jordan\documents\uni\year 4\semester 2\advanced rendering techniques\acw\ql\advanced_rendering_2021\jg_advrend_acw_2\jg_advrend_acw_2\release\ilc\in\assets\square44x44logo.targetsize-24_altform-unplated.png
c:\users\jordan\documents\uni\year 4\semester 2\advanced rendering techniques\acw\ql\advanced_rendering_2021\jg_advrend_acw_2\jg_advrend_acw_2\release\ilc\in\assets\storelogo.png
c:\users\jordan\documents\uni\year 4\semester 2\advanced rendering techniques\acw\ql\advanced_rendering_2021\jg_advrend_acw_2\jg_advrend_acw_2\release\ilc\in\assets\wide310x150logo.scale-200.png
c:\users\jordan\documents\uni\year 4\semester 2\advanced rendering techniques\acw\ql\advanced_rendering_2021\jg_advrend_acw_2\jg_advrend_acw_2\release\ilc\in\earth.dds
c:\users\jordan\documents\uni\year 4\semester 2\advanced rendering techniques\acw\ql\advanced_rendering_2021\jg_advrend_acw_2\jg_advrend_acw_2\release\ilc\in\lava_rock.dds
c:\users\jordan\documents\uni\year 4\semester 2\advanced rendering techniques\acw\ql\advanced_rendering_2021\jg_advrend_acw_2\jg_advrend_acw_2\release\ilc\in\pottery_2.dds
c:\users\jordan\documents\uni\year 4\semester 2\advanced rendering techniques\acw\ql\advanced_rendering_2021\jg_advrend_acw_2\jg_advrend_acw_2\release\ilc\in\plane.obj
c:\users\jordan\documents\uni\year 4\semester 2\advanced rendering techniques\acw\ql\advanced_rendering_2021\jg_advrend_acw_2\jg_advrend_acw_2\release\ilc\in\sphere.obj
c:\users\jordan\documents\uni\year 4\semester 2\advanced rendering techniques\acw\ql\advanced_rendering_2021\jg_advrend_acw_2\jg_advrend_acw_2\release\ilc.jg_advrend_acw_2.rsp
c:\users\jordan\documents\uni\year 4\semester 2\advanced rendering techniques\acw\ql\advanced_rendering_2021\jg_advrend_acw_2\release\jg_advrend_acw_2\ilc\assets\lockscreenlogo.scale-200.png
c:\users\jordan\documents\uni\year 4\semester 2\advanced rendering techniques\acw\ql\advanced_rendering_2021\jg_advrend_acw_2\release\jg_advrend_acw_2\ilc\assets\splashscreen.scale-200.png
c:\users\jordan\documents\uni\year 4\semester 2\advanced rendering techniques\acw\ql\advanced_rendering_2021\jg_advrend_acw_2\release\jg_advrend_acw_2\ilc\assets\square150x150logo.scale-200.png
c:\users\jordan\documents\uni\year 4\semester 2\advanced rendering techniques\acw\ql\advanced_rendering_2021\jg_advrend_acw_2\release\jg_advrend_acw_2\ilc\assets\square44x44logo.scale-200.png
c:\users\jordan\documents\uni\year 4\semester 2\advanced rendering techniques\acw\ql\advanced_rendering_2021\jg_advrend_acw_2\release\jg_advrend_acw_2\ilc\assets\square44x44logo.targetsize-24_altform-unplated.png
c:\users\jordan\documents\uni\year 4\semester 2\advanced rendering techniques\acw\ql\advanced_rendering_2021\jg_advrend_acw_2\release\jg_advrend_acw_2\ilc\assets\storelogo.png
c:\users\jordan\documents\uni\year 4\semester 2\advanced rendering techniques\acw\ql\advanced_rendering_2021\jg_advrend_acw_2\release\jg_advrend_acw_2\ilc\assets\wide310x150logo.scale-200.png
c:\users\jordan\documents\uni\year 4\semester 2\advanced rendering techniques\acw\ql\advanced_rendering_2021\jg_advrend_acw_2\release\jg_advrend_acw_2\ilc\ds_aliens.cso
c:\users\jordan\documents\uni\year 4\semester 2\advanced rendering techniques\acw\ql\advanced_rendering_2021\jg_advrend_acw_2\release\jg_advrend_acw_2\ilc\ds_bumpmapviewdependenttessellatedsphere.cso
c:\users\jordan\documents\uni\year 4\semester 2\advanced rendering techniques\acw\ql\advanced_rendering_2021\jg_advrend_acw_2\release\jg_advrend_acw_2\ilc\ds_meteors.cso
c:\users\jordan\documents\uni\year 4\semester 2\advanced rendering techniques\acw\ql\advanced_rendering_2021\jg_advrend_acw_2\release\jg_advrend_acw_2\ilc\ds_pottery.cso
c:\users\jordan\documents\uni\year 4\semester 2\advanced rendering techniques\acw\ql\advanced_rendering_2021\jg_advrend_acw_2\release\jg_advrend_acw_2\ilc\ds_terrain.cso
c:\users\jordan\documents\uni\year 4\semester 2\advanced rendering techniques\acw\ql\advanced_rendering_2021\jg_advrend_acw_2\release\jg_advrend_acw_2\ilc\ds_viewdependenttessellatedsphere.cso
c:\users\jordan\documents\uni\year 4\semester 2\advanced rendering techniques\acw\ql\advanced_rendering_2021\jg_advrend_acw_2\release\jg_advrend_acw_2\ilc\ds_wireframetessellatedsphere.cso
c:\users\jordan\documents\uni\year 4\semester 2\advanced rendering techniques\acw\ql\advanced_rendering_2021\jg_advrend_acw_2\release\jg_advrend_acw_2\ilc\earth.dds
c:\users\jordan\documents\uni\year 4\semester 2\advanced rendering techniques\acw\ql\advanced_rendering_2021\jg_advrend_acw_2\release\jg_advrend_acw_2\ilc\gs_bumpmapviewdependenttessellatedsphere.cso
c:\users\jordan\documents\uni\year 4\semester 2\advanced rendering techniques\acw\ql\advanced_rendering_2021\jg_advrend_acw_2\release\jg_advrend_acw_2\ilc\gs_meteors.cso
c:\users\jordan\documents\uni\year 4\semester 2\advanced rendering techniques\acw\ql\advanced_rendering_2021\jg_advrend_acw_2\release\jg_advrend_acw_2\ilc\gs_pottery.cso
c:\users\jordan\documents\uni\year 4\semester 2\advanced rendering techniques\acw\ql\advanced_rendering_2021\jg_advrend_acw_2\release\jg_advrend_acw_2\ilc\gs_rocks.cso
c:\users\jordan\documents\uni\year 4\semester 2\advanced rendering techniques\acw\ql\advanced_rendering_2021\jg_advrend_acw_2\release\jg_advrend_acw_2\ilc\gs_starysky.cso
c:\users\jordan\documents\uni\year 4\semester 2\advanced rendering techniques\acw\ql\advanced_rendering_2021\jg_advrend_acw_2\release\jg_advrend_acw_2\ilc\hs_aliens.cso
c:\users\jordan\documents\uni\year 4\semester 2\advanced rendering techniques\acw\ql\advanced_rendering_2021\jg_advrend_acw_2\release\jg_advrend_acw_2\ilc\hs_bumpmapviewdependenttessellatedsphere.cso
c:\users\jordan\documents\uni\year 4\semester 2\advanced rendering techniques\acw\ql\advanced_rendering_2021\jg_advrend_acw_2\release\jg_advrend_acw_2\ilc\hs_meteors.cso
c:\users\jordan\documents\uni\year 4\semester 2\advanced rendering techniques\acw\ql\advanced_rendering_2021\jg_advrend_acw_2\release\jg_advrend_acw_2\ilc\hs_pottery.cso
c:\users\jordan\documents\uni\year 4\semester 2\advanced rendering techniques\acw\ql\advanced_rendering_2021\jg_advrend_acw_2\release\jg_advrend_acw_2\ilc\hs_terrain.cso
c:\users\jordan\documents\uni\year 4\semester 2\advanced rendering techniques\acw\ql\advanced_rendering_2021\jg_advrend_acw_2\release\jg_advrend_acw_2\ilc\hs_viewdependenttessellatedsphere.cso
c:\users\jordan\documents\uni\year 4\semester 2\advanced rendering techniques\acw\ql\advanced_rendering_2021\jg_advrend_acw_2\release\jg_advrend_acw_2\ilc\hs_wireframetessellatedsphere.cso
c:\users\jordan\documents\uni\year 4\semester 2\advanced rendering techniques\acw\ql\advanced_rendering_2021\jg_advrend_acw_2\release\jg_advrend_acw_2\ilc\jg_advrend_acw_2.exe
c:\users\jordan\documents\uni\year 4\semester 2\advanced rendering techniques\acw\ql\advanced_rendering_2021\jg_advrend_acw_2\release\jg_advrend_acw_2\ilc\jg_advrend_acw_2.pdb
c:\users\jordan\documents\uni\year 4\semester 2\advanced rendering techniques\acw\ql\advanced_rendering_2021\jg_advrend_acw_2\release\jg_advrend_acw_2\ilc\jg_advrend_acw_2.winmd
c:\users\jordan\documents\uni\year 4\semester 2\advanced rendering techniques\acw\ql\advanced_rendering_2021\jg_advrend_acw_2\release\jg_advrend_acw_2\ilc\lava_rock.dds
c:\users\jordan\documents\uni\year 4\semester 2\advanced rendering techniques\acw\ql\advanced_rendering_2021\jg_advrend_acw_2\release\jg_advrend_acw_2\ilc\plane.obj
c:\users\jordan\documents\uni\year 4\semester 2\advanced rendering techniques\acw\ql\advanced_rendering_2021\jg_advrend_acw_2\release\jg_advrend_acw_2\ilc\pottery_2.dds
c:\users\jordan\documents\uni\year 4\semester 2\advanced rendering techniques\acw\ql\advanced_rendering_2021\jg_advrend_acw_2\release\jg_advrend_acw_2\ilc\ps_aliens.cso
c:\users\jordan\documents\uni\year 4\semester 2\advanced rendering techniques\acw\ql\advanced_rendering_2021\jg_advrend_acw_2\release\jg_advrend_acw_2\ilc\ps_bumpmapviewdependenttessellatedsphere.cso
c:\users\jordan\documents\uni\year 4\semester 2\advanced rendering techniques\acw\ql\advanced_rendering_2021\jg_advrend_acw_2\release\jg_advrend_acw_2\ilc\ps_meteors.cso
c:\users\jordan\documents\uni\year 4\semester 2\advanced rendering techniques\acw\ql\advanced_rendering_2021\jg_advrend_acw_2\release\jg_advrend_acw_2\ilc\ps_pottery.cso
c:\users\jordan\documents\uni\year 4\semester 2\advanced rendering techniques\acw\ql\advanced_rendering_2021\jg_advrend_acw_2\release\jg_advrend_acw_2\ilc\ps_raymarchobjects.cso
c:\users\jordan\documents\uni\year 4\semester 2\advanced rendering techniques\acw\ql\advanced_rendering_2021\jg_advrend_acw_2\release\jg_advrend_acw_2\ilc\ps_raytracedspherecube.cso
c:\users\jordan\documents\uni\year 4\semester 2\advanced rendering techniques\acw\ql\advanced_rendering_2021\jg_advrend_acw_2\release\jg_advrend_acw_2\ilc\ps_rocks.cso
c:\users\jordan\documents\uni\year 4\semester 2\advanced rendering techniques\acw\ql\advanced_rendering_2021\jg_advrend_acw_2\release\jg_advrend_acw_2\ilc\ps_starysky.cso
c:\users\jordan\documents\uni\year 4\semester 2\advanced rendering techniques\acw\ql\advanced_rendering_2021\jg_advrend_acw_2\release\jg_advrend_acw_2\ilc\ps_terrain.cso
c:\users\jordan\documents\uni\year 4\semester 2\advanced rendering techniques\acw\ql\advanced_rendering_2021\jg_advrend_acw_2\release\jg_advrend_acw_2\ilc\ps_viewdependenttessellatedsphere.cso
c:\users\jordan\documents\uni\year 4\semester 2\advanced rendering techniques\acw\ql\advanced_rendering_2021\jg_advrend_acw_2\release\jg_advrend_acw_2\ilc\ps_wireframetessellatedsphere.cso
c:\users\jordan\documents\uni\year 4\semester 2\advanced rendering techniques\acw\ql\advanced_rendering_2021\jg_advrend_acw_2\release\jg_advrend_acw_2\ilc\resources.pri
c:\users\jordan\documents\uni\year 4\semester 2\advanced rendering techniques\acw\ql\advanced_rendering_2021\jg_advrend_acw_2\release\jg_advrend_acw_2\ilc\sphere.obj
c:\users\jordan\documents\uni\year 4\semester 2\advanced rendering techniques\acw\ql\advanced_rendering_2021\jg_advrend_acw_2\release\jg_advrend_acw_2\ilc\vs_aliens.cso
c:\users\jordan\documents\uni\year 4\semester 2\advanced rendering techniques\acw\ql\advanced_rendering_2021\jg_advrend_acw_2\release\jg_advrend_acw_2\ilc\vs_bumpmapviewdependenttessallatedsphere.cso
c:\users\jordan\documents\uni\year 4\semester 2\advanced rendering techniques\acw\ql\advanced_rendering_2021\jg_advrend_acw_2\release\jg_advrend_acw_2\ilc\vs_meteors.cso
c:\users\jordan\documents\uni\year 4\semester 2\advanced rendering techniques\acw\ql\advanced_rendering_2021\jg_advrend_acw_2\release\jg_advrend_acw_2\ilc\vs_pottery.cso
c:\users\jordan\documents\uni\year 4\semester 2\advanced rendering techniques\acw\ql\advanced_rendering_2021\jg_advrend_acw_2\release\jg_advrend_acw_2\ilc\vs_raymarchobjects.cso
c:\users\jordan\documents\uni\year 4\semester 2\advanced rendering techniques\acw\ql\advanced_rendering_2021\jg_advrend_acw_2\release\jg_advrend_acw_2\ilc\vs_raytracedspherecube.cso
c:\users\jordan\documents\uni\year 4\semester 2\advanced rendering techniques\acw\ql\advanced_rendering_2021\jg_advrend_acw_2\release\jg_advrend_acw_2\ilc\vs_rocks.cso
c:\users\jordan\documents\uni\year 4\semester 2\advanced rendering techniques\acw\ql\advanced_rendering_2021\jg_advrend_acw_2\release\jg_advrend_acw_2\ilc\vs_starysky.cso
c:\users\jordan\documents\uni\year 4\semester 2\advanced rendering techniques\acw\ql\advanced_rendering_2021\jg_advrend_acw_2\release\jg_advrend_acw_2\ilc\vs_terrain.cso
c:\users\jordan\documents\uni\year 4\semester 2\advanced rendering techniques\acw\ql\advanced_rendering_2021\jg_advrend_acw_2\release\jg_advrend_acw_2\ilc\vs_viewdependenttessellatedsphere.cso
c:\users\jordan\documents\uni\year 4\semester 2\advanced rendering techniques\acw\ql\advanced_rendering_2021\jg_advrend_acw_2\release\jg_advrend_acw_2\ilc\vs_wireframetessellatedsphere.cso
c:\users\jordan\documents\uni\year 4\semester 2\advanced rendering techniques\acw\ql\advanced_rendering_2021\jg_advrend_acw_2\release\jg_advrend_acw_2\jg_advrend_acw_2.build.appxrecipe
c:\users\jordan\documents\uni\year 4\semester 2\advanced rendering techniques\acw\ql\advanced_rendering_2021\jg_advrend_acw_2\release\jg_advrend_acw_2\jg_advrend_acw_2.exe
c:\users\jordan\documents\uni\year 4\semester 2\advanced rendering techniques\acw\ql\advanced_rendering_2021\jg_advrend_acw_2\release\jg_advrend_acw_2\jg_advrend_acw_2.pdb
c:\users\jordan\documents\uni\year 4\semester 2\advanced rendering techniques\acw\ql\advanced_rendering_2021\jg_advrend_acw_2\jg_advrend_acw_2\release\jg_advrend_acw_2.tlog\cl.command.1.tlog
c:\users\jordan\documents\uni\year 4\semester 2\advanced rendering techniques\acw\ql\advanced_rendering_2021\jg_advrend_acw_2\jg_advrend_acw_2\release\jg_advrend_acw_2.tlog\cl.read.1.tlog
c:\users\jordan\documents\uni\year 4\semester 2\advanced rendering techniques\acw\ql\advanced_rendering_2021\jg_advrend_acw_2\jg_advrend_acw_2\release\jg_advrend_acw_2.tlog\cl.write.1.tlog
c:\users\jordan\documents\uni\year 4\semester 2\advanced rendering techniques\acw\ql\advanced_rendering_2021\jg_advrend_acw_2\jg_advrend_acw_2\release\jg_advrend_acw_2.tlog\copyfile.command.1.tlog
c:\users\jordan\documents\uni\year 4\semester 2\advanced rendering techniques\acw\ql\advanced_rendering_2021\jg_advrend_acw_2\jg_advrend_acw_2\release\jg_advrend_acw_2.tlog\copyfile.read.1.tlog
c:\users\jordan\documents\uni\year 4\semester 2\advanced rendering techniques\acw\ql\advanced_rendering_2021\jg_advrend_acw_2\jg_advrend_acw_2\release\jg_advrend_acw_2.tlog\copyfile.write.1.tlog
c:\users\jordan\documents\uni\year 4\semester 2\advanced rendering techniques\acw\ql\advanced_rendering_2021\jg_advrend_acw_2\jg_advrend_acw_2\release\jg_advrend_acw_2.tlog\fxc.command.1.tlog
c:\users\jordan\documents\uni\year 4\semester 2\advanced rendering techniques\acw\ql\advanced_rendering_2021\jg_advrend_acw_2\jg_advrend_acw_2\release\jg_advrend_acw_2.tlog\fxc.read.1.tlog
c:\users\jordan\documents\uni\year 4\semester 2\advanced rendering techniques\acw\ql\advanced_rendering_2021\jg_advrend_acw_2\jg_advrend_acw_2\release\jg_advrend_acw_2.tlog\fxc.write.1.tlog
c:\users\jordan\documents\uni\year 4\semester 2\advanced rendering techniques\acw\ql\advanced_rendering_2021\jg_advrend_acw_2\jg_advrend_acw_2\release\jg_advrend_acw_2.tlog\jg_advrend_acw_2.read.1u.tlog
c:\users\jordan\documents\uni\year 4\semester 2\advanced rendering techniques\acw\ql\advanced_rendering_2021\jg_advrend_acw_2\jg_advrend_acw_2\release\jg_advrend_acw_2.tlog\jg_advrend_acw_2.write.1u.tlog
c:\users\jordan\documents\uni\year 4\semester 2\advanced rendering techniques\acw\ql\advanced_rendering_2021\jg_advrend_acw_2\jg_advrend_acw_2\release\jg_advrend_acw_2.tlog\link.command.1.tlog
c:\users\jordan\documents\uni\year 4\semester 2\advanced rendering techniques\acw\ql\advanced_rendering_2021\jg_advrend_acw_2\jg_advrend_acw_2\release\jg_advrend_acw_2.tlog\link.read.1.tlog
c:\users\jordan\documents\uni\year 4\semester 2\advanced rendering techniques\acw\ql\advanced_rendering_2021\jg_advrend_acw_2\jg_advrend_acw_2\release\jg_advrend_acw_2.tlog\link.write.1.tlog
